[0.316s] Invoking command in '/home/konstantin/ros2_ws/src/my_robot_controller': PYTHONPATH=/home/konstantin/ros2_ws/src/my_robot_controller/build/my_robot_controller/prefix_override:/usr/lib/python3/dist-packages/colcon_core/task/python/colcon_distutils_commands:/home/konstantin/ros2_ws/src/my_robot_controller/install/my_robot_controller/lib/python3.10/site-packages:${PYTHONPATH} /usr/bin/python3 -W ignore:setup.py install is deprecated -W ignore:easy_install command is deprecated setup.py egg_info --egg-base build/my_robot_controller build --build-base /home/konstantin/ros2_ws/src/my_robot_controller/build/my_robot_controller/build install --record /home/konstantin/ros2_ws/src/my_robot_controller/build/my_robot_controller/install.log --single-version-externally-managed install_data
[0.435s] running egg_info
[0.435s] creating build/my_robot_controller/my_robot_controller.egg-info
[0.435s] writing build/my_robot_controller/my_robot_controller.egg-info/PKG-INFO
[0.436s] writing dependency_links to build/my_robot_controller/my_robot_controller.egg-info/dependency_links.txt
[0.436s] writing entry points to build/my_robot_controller/my_robot_controller.egg-info/entry_points.txt
[0.436s] writing requirements to build/my_robot_controller/my_robot_controller.egg-info/requires.txt
[0.436s] writing top-level names to build/my_robot_controller/my_robot_controller.egg-info/top_level.txt
[0.436s] writing manifest file 'build/my_robot_controller/my_robot_controller.egg-info/SOURCES.txt'
[0.436s] reading manifest file 'build/my_robot_controller/my_robot_controller.egg-info/SOURCES.txt'
[0.437s] writing manifest file 'build/my_robot_controller/my_robot_controller.egg-info/SOURCES.txt'
[0.437s] running build
[0.437s] running build_py
[0.437s] creating /home/konstantin/ros2_ws/src/my_robot_controller/build/my_robot_controller/build
[0.437s] creating /home/konstantin/ros2_ws/src/my_robot_controller/build/my_robot_controller/build/lib
[0.437s] creating /home/konstantin/ros2_ws/src/my_robot_controller/build/my_robot_controller/build/lib/my_robot_controller
[0.437s] copying my_robot_controller/__init__.py -> /home/konstantin/ros2_ws/src/my_robot_controller/build/my_robot_controller/build/lib/my_robot_controller
[0.437s] running install
[0.437s] running install_lib
[0.437s] creating /home/konstantin/ros2_ws/src/my_robot_controller/install/my_robot_controller/lib/python3.10/site-packages/my_robot_controller
[0.438s] copying /home/konstantin/ros2_ws/src/my_robot_controller/build/my_robot_controller/build/lib/my_robot_controller/__init__.py -> /home/konstantin/ros2_ws/src/my_robot_controller/install/my_robot_controller/lib/python3.10/site-packages/my_robot_controller
[0.438s] byte-compiling /home/konstantin/ros2_ws/src/my_robot_controller/install/my_robot_controller/lib/python3.10/site-packages/my_robot_controller/__init__.py to __init__.cpython-310.pyc
[0.438s] running install_data
[0.438s] creating /home/konstantin/ros2_ws/src/my_robot_controller/install/my_robot_controller/share/ament_index
[0.438s] creating /home/konstantin/ros2_ws/src/my_robot_controller/install/my_robot_controller/share/ament_index/resource_index
[0.438s] creating /home/konstantin/ros2_ws/src/my_robot_controller/install/my_robot_controller/share/ament_index/resource_index/packages
[0.438s] copying resource/my_robot_controller -> /home/konstantin/ros2_ws/src/my_robot_controller/install/my_robot_controller/share/ament_index/resource_index/packages
[0.438s] copying package.xml -> /home/konstantin/ros2_ws/src/my_robot_controller/install/my_robot_controller/share/my_robot_controller
[0.438s] running install_egg_info
[0.439s] Copying build/my_robot_controller/my_robot_controller.egg-info to /home/konstantin/ros2_ws/src/my_robot_controller/install/my_robot_controller/lib/python3.10/site-packages/my_robot_controller-0.0.0-py3.10.egg-info
[0.439s] running install_scripts
[0.452s] Installing test_node script to /home/konstantin/ros2_ws/src/my_robot_controller/install/my_robot_controller/lib/my_robot_controller
[0.452s] writing list of installed files to '/home/konstantin/ros2_ws/src/my_robot_controller/build/my_robot_controller/install.log'
[0.467s] Invoked command in '/home/konstantin/ros2_ws/src/my_robot_controller' returned '0': PYTHONPATH=/home/konstantin/ros2_ws/src/my_robot_controller/build/my_robot_controller/prefix_override:/usr/lib/python3/dist-packages/colcon_core/task/python/colcon_distutils_commands:/home/konstantin/ros2_ws/src/my_robot_controller/install/my_robot_controller/lib/python3.10/site-packages:${PYTHONPATH} /usr/bin/python3 -W ignore:setup.py install is deprecated -W ignore:easy_install command is deprecated setup.py egg_info --egg-base build/my_robot_controller build --build-base /home/konstantin/ros2_ws/src/my_robot_controller/build/my_robot_controller/build install --record /home/konstantin/ros2_ws/src/my_robot_controller/build/my_robot_controller/install.log --single-version-externally-managed install_data
